<?xml version="1.0" encoding="UTF-8" standalone="no"?>
<testsuite failures="1" name="cucumber.runtime.formatter.JUnitFormatter" skipped="0" tests="1" time="31.453923">
<testcase classname="PO Upload" name="Upload PO files and validate PO Details" time="31.453923">
<failure message="org.openqa.selenium.NoSuchElementException: Unable to find element with xpath == /html/body/form/div[3]/div[3]/div[1]/table/tbody/tr[2]/td/input[@type='file']&#10;For documentation on this error, please visit: http://seleniumhq.org/exceptions/no_such_element.html&#10;Build info: version: '3.14.0', revision: 'aacccce0', time: '2018-08-02T20:19:58.91Z'&#10;System info: host: 'SHAIKHREHANPC', ip: '192.168.2.160', os.name: 'Windows 10', os.arch: 'amd64', os.version: '10.0', java.version: '1.8.0_221'&#10;Driver info: org.openqa.selenium.ie.InternetExplorerDriver&#10;Capabilities {acceptInsecureCerts: false, browserName: internet explorer, browserVersion: 11, javascriptEnabled: true, pageLoadStrategy: normal, platform: WINDOWS, platformName: WINDOWS, proxy: Proxy(), se:ieOptions: {browserAttachTimeout: 0, elementScrollBehavior: 0, enablePersistentHover: true, ie.browserCommandLineSwitches: , ie.ensureCleanSession: false, ie.fileUploadDialogTimeout: 3000, ie.forceCreateProcessApi: false, ignoreProtectedModeSettings: false, ignoreZoomSetting: false, initialBrowserUrl: http://localhost:10722/, nativeEvents: true, requireWindowFocus: false}, setWindowRect: true, timeouts: {implicit: 0, pageLoad: 300000, script: 30000}}&#10;Session ID: fa515b77-767d-4a09-be34-9844346b1020&#10;*** Element info: {Using=xpath, value=/html/body/form/div[3]/div[3]/div[1]/table/tbody/tr[2]/td/input[@type='file']}&#13;&#10;&#9;at sun.reflect.NativeConstructorAccessorImpl.newInstance0(Native Method)&#13;&#10;&#9;at sun.reflect.NativeConstructorAccessorImpl.newInstance(NativeConstructorAccessorImpl.java:62)&#13;&#10;&#9;at sun.reflect.DelegatingConstructorAccessorImpl.newInstance(DelegatingConstructorAccessorImpl.java:45)&#13;&#10;&#9;at java.lang.reflect.Constructor.newInstance(Constructor.java:423)&#13;&#10;&#9;at org.openqa.selenium.remote.http.W3CHttpResponseCodec.createException(W3CHttpResponseCodec.java:187)&#13;&#10;&#9;at org.openqa.selenium.remote.http.W3CHttpResponseCodec.decode(W3CHttpResponseCodec.java:122)&#13;&#10;&#9;at org.openqa.selenium.remote.http.W3CHttpResponseCodec.decode(W3CHttpResponseCodec.java:49)&#13;&#10;&#9;at org.openqa.selenium.remote.HttpCommandExecutor.execute(HttpCommandExecutor.java:158)&#13;&#10;&#9;at org.openqa.selenium.remote.service.DriverCommandExecutor.execute(DriverCommandExecutor.java:83)&#13;&#10;&#9;at org.openqa.selenium.remote.RemoteWebDriver.execute(RemoteWebDriver.java:548)&#13;&#10;&#9;at org.openqa.selenium.remote.RemoteWebDriver.findElement(RemoteWebDriver.java:322)&#13;&#10;&#9;at org.openqa.selenium.remote.RemoteWebDriver.findElementByXPath(RemoteWebDriver.java:424)&#13;&#10;&#9;at org.openqa.selenium.By$ByXPath.findElement(By.java:353)&#13;&#10;&#9;at org.openqa.selenium.remote.RemoteWebDriver.findElement(RemoteWebDriver.java:314)&#13;&#10;&#9;at stepDefinations.Steps.upload_the_PO_file_PO(Steps.java:617)&#13;&#10;&#9;at ✽.And Upload the PO file_PO(D:/ESSPL_Selenium_Projects/coreUI/Features/POUpload.feature:9)&#13;&#10;"><![CDATA[And Select "JC Penney" from Client drop_PO..................................passed
Then Click on Admin Module_PO...............................................passed
Then Click on New File Upload_PO............................................passed
And Upload the PO file_PO...................................................failed
Then Verify success message "L_O_LNS_PO.A877CB7D.A015A041.xml File is uploaded successfully"_PO.skipped
Then Click on Upload File List available on the side bar_PO.................skipped
And Select PO from File Type drop down_PO...................................skipped
And Enter File Name "L_O_LNS_PO.A877CB7D.A015A041.xml"_PO...................skipped
Then Click on Search_PO.....................................................skipped
And Verify the status "Completed" of the uploaded PO file "L_O_LNS_PO.A877CB7D.A015A041.xml"_PO.skipped
Then Click on BaseData_PO...................................................skipped
And Search for the PO "SS7513355"_PO........................................skipped
Then Verify the PO Details in the Result grid "SS7513355"_PO................skipped

StackTrace:
org.openqa.selenium.NoSuchElementException: Unable to find element with xpath == /html/body/form/div[3]/div[3]/div[1]/table/tbody/tr[2]/td/input[@type='file']
For documentation on this error, please visit: http://seleniumhq.org/exceptions/no_such_element.html
Build info: version: '3.14.0', revision: 'aacccce0', time: '2018-08-02T20:19:58.91Z'
System info: host: 'SHAIKHREHANPC', ip: '192.168.2.160', os.name: 'Windows 10', os.arch: 'amd64', os.version: '10.0', java.version: '1.8.0_221'
Driver info: org.openqa.selenium.ie.InternetExplorerDriver
Capabilities {acceptInsecureCerts: false, browserName: internet explorer, browserVersion: 11, javascriptEnabled: true, pageLoadStrategy: normal, platform: WINDOWS, platformName: WINDOWS, proxy: Proxy(), se:ieOptions: {browserAttachTimeout: 0, elementScrollBehavior: 0, enablePersistentHover: true, ie.browserCommandLineSwitches: , ie.ensureCleanSession: false, ie.fileUploadDialogTimeout: 3000, ie.forceCreateProcessApi: false, ignoreProtectedModeSettings: false, ignoreZoomSetting: false, initialBrowserUrl: http://localhost:10722/, nativeEvents: true, requireWindowFocus: false}, setWindowRect: true, timeouts: {implicit: 0, pageLoad: 300000, script: 30000}}
Session ID: fa515b77-767d-4a09-be34-9844346b1020
*** Element info: {Using=xpath, value=/html/body/form/div[3]/div[3]/div[1]/table/tbody/tr[2]/td/input[@type='file']}
	at sun.reflect.NativeConstructorAccessorImpl.newInstance0(Native Method)
	at sun.reflect.NativeConstructorAccessorImpl.newInstance(NativeConstructorAccessorImpl.java:62)
	at sun.reflect.DelegatingConstructorAccessorImpl.newInstance(DelegatingConstructorAccessorImpl.java:45)
	at java.lang.reflect.Constructor.newInstance(Constructor.java:423)
	at org.openqa.selenium.remote.http.W3CHttpResponseCodec.createException(W3CHttpResponseCodec.java:187)
	at org.openqa.selenium.remote.http.W3CHttpResponseCodec.decode(W3CHttpResponseCodec.java:122)
	at org.openqa.selenium.remote.http.W3CHttpResponseCodec.decode(W3CHttpResponseCodec.java:49)
	at org.openqa.selenium.remote.HttpCommandExecutor.execute(HttpCommandExecutor.java:158)
	at org.openqa.selenium.remote.service.DriverCommandExecutor.execute(DriverCommandExecutor.java:83)
	at org.openqa.selenium.remote.RemoteWebDriver.execute(RemoteWebDriver.java:548)
	at org.openqa.selenium.remote.RemoteWebDriver.findElement(RemoteWebDriver.java:322)
	at org.openqa.selenium.remote.RemoteWebDriver.findElementByXPath(RemoteWebDriver.java:424)
	at org.openqa.selenium.By$ByXPath.findElement(By.java:353)
	at org.openqa.selenium.remote.RemoteWebDriver.findElement(RemoteWebDriver.java:314)
	at stepDefinations.Steps.upload_the_PO_file_PO(Steps.java:617)
	at ✽.And Upload the PO file_PO(D:/ESSPL_Selenium_Projects/coreUI/Features/POUpload.feature:9)
]]></failure>
</testcase>
</testsuite>
