<?xml version="1.0" encoding="UTF-8"?>
<testng-results skipped="0" failed="0" ignored="0" total="1" passed="1">
  <reporter-output>
  </reporter-output>
  <suite name="Default suite" duration-ms="133345" started-at="2020-02-07T10:55:39Z" finished-at="2020-02-07T10:57:52Z">
    <groups>
      <group name="cucumber">
        <method signature="AbstractTestNGCucumberTests.feature(cucumber.api.testng.CucumberFeatureWrapper)[pri:0, instance:testRunner.TestRunner@1e127982]" name="feature" class="cucumber.api.testng.AbstractTestNGCucumberTests"/>
      </group> <!-- cucumber -->
    </groups>
    <test name="Default test" duration-ms="133345" started-at="2020-02-07T10:55:39Z" finished-at="2020-02-07T10:57:52Z">
      <class name="testRunner.TestRunner">
        <test-method status="PASS" signature="setUpClass()[pri:0, instance:testRunner.TestRunner@1e127982]" name="setUpClass" is-config="true" duration-ms="317" started-at="2020-02-07T10:55:39Z" finished-at="2020-02-07T10:55:39Z">
          <reporter-output>
          </reporter-output>
        </test-method> <!-- setUpClass -->
        <test-method status="PASS" signature="feature(cucumber.api.testng.CucumberFeatureWrapper)[pri:0, instance:testRunner.TestRunner@1e127982]" name="feature" duration-ms="131973" started-at="2020-02-07T10:55:39Z" description="Runs Cucumber Feature" data-provider="features" finished-at="2020-02-07T10:57:51Z">
          <params>
            <param index="0">
              <value>
                <![CDATA[LNS Application Automation]]>
              </value>
            </param>
          </params>
          <reporter-output>
          </reporter-output>
        </test-method> <!-- feature -->
        <test-method status="PASS" signature="tearDownClass()[pri:0, instance:testRunner.TestRunner@1e127982]" name="tearDownClass" is-config="true" duration-ms="918" started-at="2020-02-07T10:57:51Z" finished-at="2020-02-07T10:57:52Z">
          <reporter-output>
          </reporter-output>
        </test-method> <!-- tearDownClass -->
      </class> <!-- testRunner.TestRunner -->
    </test> <!-- Default test -->
  </suite> <!-- Default suite -->
</testng-results>
